TRAIN Dataset: (7413, 2)
VALID Dataset: (7413, 2)
TEST Dataset: (6526, 2)
Initiating Fine-Tuning...

======== Epoch 1 / 6 ========
Training...
 Batch     0  of  1,854.
{'Training Loss': 5.024313449859619}
==> Gradient accumulation after step 4 in batch 4...
==> Gradient accumulation after step 4 in batch 8...
==> Gradient accumulation after step 4 in batch 12...
==> Gradient accumulation after step 4 in batch 16...
==> Gradient accumulation after step 4 in batch 20...
==> Gradient accumulation after step 4 in batch 24...
==> Gradient accumulation after step 4 in batch 28...
==> Gradient accumulation after step 4 in batch 32...
==> Gradient accumulation after step 4 in batch 36...
==> Gradient accumulation after step 4 in batch 40...
==> Gradient accumulation after step 4 in batch 44...
==> Gradient accumulation after step 4 in batch 48...
==> Gradient accumulation after step 4 in batch 52...
==> Gradient accumulation after step 4 in batch 56...
==> Gradient accumulation after step 4 in batch 60...
==> Gradient accumulation after step 4 in batch 64...
==> Gradient accumulation after step 4 in batch 68...
==> Gradient accumulation after step 4 in batch 72...
==> Gradient accumulation after step 4 in batch 76...
==> Gradient accumulation after step 4 in batch 80...
==> Gradient accumulation after step 4 in batch 84...
==> Gradient accumulation after step 4 in batch 88...
==> Gradient accumulation after step 4 in batch 92...
==> Gradient accumulation after step 4 in batch 96...
==> Gradient accumulation after step 4 in batch 100...
==> Gradient accumulation after step 4 in batch 104...
==> Gradient accumulation after step 4 in batch 108...
==> Gradient accumulation after step 4 in batch 112...
==> Gradient accumulation after step 4 in batch 116...
==> Gradient accumulation after step 4 in batch 120...
==> Gradient accumulation after step 4 in batch 124...
==> Gradient accumulation after step 4 in batch 128...
==> Gradient accumulation after step 4 in batch 132...
==> Gradient accumulation after step 4 in batch 136...
==> Gradient accumulation after step 4 in batch 140...
==> Gradient accumulation after step 4 in batch 144...
==> Gradient accumulation after step 4 in batch 148...
==> Gradient accumulation after step 4 in batch 152...
==> Gradient accumulation after step 4 in batch 156...
==> Gradient accumulation after step 4 in batch 160...
==> Gradient accumulation after step 4 in batch 164...
==> Gradient accumulation after step 4 in batch 168...
==> Gradient accumulation after step 4 in batch 172...
==> Gradient accumulation after step 4 in batch 176...
==> Gradient accumulation after step 4 in batch 180...
==> Gradient accumulation after step 4 in batch 184...
==> Gradient accumulation after step 4 in batch 188...
==> Gradient accumulation after step 4 in batch 192...
==> Gradient accumulation after step 4 in batch 196...
==> Gradient accumulation after step 4 in batch 200...
==> Gradient accumulation after step 4 in batch 204...
==> Gradient accumulation after step 4 in batch 208...
==> Gradient accumulation after step 4 in batch 212...
==> Gradient accumulation after step 4 in batch 216...
==> Gradient accumulation after step 4 in batch 220...
==> Gradient accumulation after step 4 in batch 224...
==> Gradient accumulation after step 4 in batch 228...
==> Gradient accumulation after step 4 in batch 232...
==> Gradient accumulation after step 4 in batch 236...
==> Gradient accumulation after step 4 in batch 240...
==> Gradient accumulation after step 4 in batch 244...
==> Gradient accumulation after step 4 in batch 248...
==> Gradient accumulation after step 4 in batch 252...
==> Gradient accumulation after step 4 in batch 256...
==> Gradient accumulation after step 4 in batch 260...
==> Gradient accumulation after step 4 in batch 264...
==> Gradient accumulation after step 4 in batch 268...
==> Gradient accumulation after step 4 in batch 272...
==> Gradient accumulation after step 4 in batch 276...
==> Gradient accumulation after step 4 in batch 280...
==> Gradient accumulation after step 4 in batch 284...
==> Gradient accumulation after step 4 in batch 288...
==> Gradient accumulation after step 4 in batch 292...
==> Gradient accumulation after step 4 in batch 296...
==> Gradient accumulation after step 4 in batch 300...
==> Gradient accumulation after step 4 in batch 304...
==> Gradient accumulation after step 4 in batch 308...
==> Gradient accumulation after step 4 in batch 312...
==> Gradient accumulation after step 4 in batch 316...
==> Gradient accumulation after step 4 in batch 320...
==> Gradient accumulation after step 4 in batch 324...
==> Gradient accumulation after step 4 in batch 328...
==> Gradient accumulation after step 4 in batch 332...
==> Gradient accumulation after step 4 in batch 336...
==> Gradient accumulation after step 4 in batch 340...
==> Gradient accumulation after step 4 in batch 344...
==> Gradient accumulation after step 4 in batch 348...
==> Gradient accumulation after step 4 in batch 352...
==> Gradient accumulation after step 4 in batch 356...
==> Gradient accumulation after step 4 in batch 360...
==> Gradient accumulation after step 4 in batch 364...
==> Gradient accumulation after step 4 in batch 368...
==> Gradient accumulation after step 4 in batch 372...
==> Gradient accumulation after step 4 in batch 376...
==> Gradient accumulation after step 4 in batch 380...
==> Gradient accumulation after step 4 in batch 384...
==> Gradient accumulation after step 4 in batch 388...
==> Gradient accumulation after step 4 in batch 392...
==> Gradient accumulation after step 4 in batch 396...
==> Gradient accumulation after step 4 in batch 400...
==> Gradient accumulation after step 4 in batch 404...
==> Gradient accumulation after step 4 in batch 408...
==> Gradient accumulation after step 4 in batch 412...
==> Gradient accumulation after step 4 in batch 416...
==> Gradient accumulation after step 4 in batch 420...
==> Gradient accumulation after step 4 in batch 424...
==> Gradient accumulation after step 4 in batch 428...
==> Gradient accumulation after step 4 in batch 432...
==> Gradient accumulation after step 4 in batch 436...
==> Gradient accumulation after step 4 in batch 440...
==> Gradient accumulation after step 4 in batch 444...
==> Gradient accumulation after step 4 in batch 448...
==> Gradient accumulation after step 4 in batch 452...
==> Gradient accumulation after step 4 in batch 456...
==> Gradient accumulation after step 4 in batch 460...
==> Gradient accumulation after step 4 in batch 464...
==> Gradient accumulation after step 4 in batch 468...
==> Gradient accumulation after step 4 in batch 472...
==> Gradient accumulation after step 4 in batch 476...
==> Gradient accumulation after step 4 in batch 480...
==> Gradient accumulation after step 4 in batch 484...
==> Gradient accumulation after step 4 in batch 488...
==> Gradient accumulation after step 4 in batch 492...
==> Gradient accumulation after step 4 in batch 496...
==> Gradient accumulation after step 4 in batch 500...
 Batch   500  of  1,854.
{'Training Loss': 1.7623698711395264}
==> Gradient accumulation after step 4 in batch 504...
==> Gradient accumulation after step 4 in batch 508...
==> Gradient accumulation after step 4 in batch 512...
==> Gradient accumulation after step 4 in batch 516...
==> Gradient accumulation after step 4 in batch 520...
==> Gradient accumulation after step 4 in batch 524...
==> Gradient accumulation after step 4 in batch 528...
==> Gradient accumulation after step 4 in batch 532...
==> Gradient accumulation after step 4 in batch 536...
==> Gradient accumulation after step 4 in batch 540...
==> Gradient accumulation after step 4 in batch 544...
==> Gradient accumulation after step 4 in batch 548...
==> Gradient accumulation after step 4 in batch 552...
==> Gradient accumulation after step 4 in batch 556...
==> Gradient accumulation after step 4 in batch 560...
==> Gradient accumulation after step 4 in batch 564...
==> Gradient accumulation after step 4 in batch 568...
==> Gradient accumulation after step 4 in batch 572...
==> Gradient accumulation after step 4 in batch 576...
==> Gradient accumulation after step 4 in batch 580...
==> Gradient accumulation after step 4 in batch 584...
==> Gradient accumulation after step 4 in batch 588...
==> Gradient accumulation after step 4 in batch 592...
==> Gradient accumulation after step 4 in batch 596...
==> Gradient accumulation after step 4 in batch 600...
==> Gradient accumulation after step 4 in batch 604...
==> Gradient accumulation after step 4 in batch 608...
==> Gradient accumulation after step 4 in batch 612...
==> Gradient accumulation after step 4 in batch 616...
==> Gradient accumulation after step 4 in batch 620...
==> Gradient accumulation after step 4 in batch 624...
==> Gradient accumulation after step 4 in batch 628...
==> Gradient accumulation after step 4 in batch 632...
==> Gradient accumulation after step 4 in batch 636...
==> Gradient accumulation after step 4 in batch 640...
==> Gradient accumulation after step 4 in batch 644...
==> Gradient accumulation after step 4 in batch 648...
==> Gradient accumulation after step 4 in batch 652...
==> Gradient accumulation after step 4 in batch 656...
==> Gradient accumulation after step 4 in batch 660...
==> Gradient accumulation after step 4 in batch 664...
==> Gradient accumulation after step 4 in batch 668...
==> Gradient accumulation after step 4 in batch 672...
==> Gradient accumulation after step 4 in batch 676...
==> Gradient accumulation after step 4 in batch 680...
==> Gradient accumulation after step 4 in batch 684...
==> Gradient accumulation after step 4 in batch 688...
==> Gradient accumulation after step 4 in batch 692...
==> Gradient accumulation after step 4 in batch 696...
==> Gradient accumulation after step 4 in batch 700...
==> Gradient accumulation after step 4 in batch 704...
==> Gradient accumulation after step 4 in batch 708...
==> Gradient accumulation after step 4 in batch 712...
==> Gradient accumulation after step 4 in batch 716...
==> Gradient accumulation after step 4 in batch 720...
==> Gradient accumulation after step 4 in batch 724...
==> Gradient accumulation after step 4 in batch 728...
==> Gradient accumulation after step 4 in batch 732...
==> Gradient accumulation after step 4 in batch 736...
==> Gradient accumulation after step 4 in batch 740...
==> Gradient accumulation after step 4 in batch 744...
==> Gradient accumulation after step 4 in batch 748...
==> Gradient accumulation after step 4 in batch 752...
==> Gradient accumulation after step 4 in batch 756...
==> Gradient accumulation after step 4 in batch 760...
==> Gradient accumulation after step 4 in batch 764...
==> Gradient accumulation after step 4 in batch 768...
==> Gradient accumulation after step 4 in batch 772...
==> Gradient accumulation after step 4 in batch 776...
==> Gradient accumulation after step 4 in batch 780...
==> Gradient accumulation after step 4 in batch 784...
==> Gradient accumulation after step 4 in batch 788...
==> Gradient accumulation after step 4 in batch 792...
==> Gradient accumulation after step 4 in batch 796...
==> Gradient accumulation after step 4 in batch 800...
==> Gradient accumulation after step 4 in batch 804...
==> Gradient accumulation after step 4 in batch 808...
==> Gradient accumulation after step 4 in batch 812...
==> Gradient accumulation after step 4 in batch 816...
==> Gradient accumulation after step 4 in batch 820...
==> Gradient accumulation after step 4 in batch 824...
==> Gradient accumulation after step 4 in batch 828...
==> Gradient accumulation after step 4 in batch 832...
==> Gradient accumulation after step 4 in batch 836...
==> Gradient accumulation after step 4 in batch 840...
==> Gradient accumulation after step 4 in batch 844...
==> Gradient accumulation after step 4 in batch 848...
==> Gradient accumulation after step 4 in batch 852...
==> Gradient accumulation after step 4 in batch 856...
==> Gradient accumulation after step 4 in batch 860...
==> Gradient accumulation after step 4 in batch 864...
==> Gradient accumulation after step 4 in batch 868...
==> Gradient accumulation after step 4 in batch 872...
==> Gradient accumulation after step 4 in batch 876...
==> Gradient accumulation after step 4 in batch 880...
==> Gradient accumulation after step 4 in batch 884...
==> Gradient accumulation after step 4 in batch 888...
==> Gradient accumulation after step 4 in batch 892...
==> Gradient accumulation after step 4 in batch 896...
==> Gradient accumulation after step 4 in batch 900...
==> Gradient accumulation after step 4 in batch 904...
==> Gradient accumulation after step 4 in batch 908...
==> Gradient accumulation after step 4 in batch 912...
==> Gradient accumulation after step 4 in batch 916...
==> Gradient accumulation after step 4 in batch 920...
==> Gradient accumulation after step 4 in batch 924...
==> Gradient accumulation after step 4 in batch 928...
==> Gradient accumulation after step 4 in batch 932...
==> Gradient accumulation after step 4 in batch 936...
==> Gradient accumulation after step 4 in batch 940...
==> Gradient accumulation after step 4 in batch 944...
==> Gradient accumulation after step 4 in batch 948...
==> Gradient accumulation after step 4 in batch 952...
==> Gradient accumulation after step 4 in batch 956...
==> Gradient accumulation after step 4 in batch 960...
==> Gradient accumulation after step 4 in batch 964...
==> Gradient accumulation after step 4 in batch 968...
==> Gradient accumulation after step 4 in batch 972...
==> Gradient accumulation after step 4 in batch 976...
==> Gradient accumulation after step 4 in batch 980...
==> Gradient accumulation after step 4 in batch 984...
==> Gradient accumulation after step 4 in batch 988...
==> Gradient accumulation after step 4 in batch 992...
==> Gradient accumulation after step 4 in batch 996...
==> Gradient accumulation after step 4 in batch 1000...
 Batch 1,000  of  1,854.
{'Training Loss': 2.3715193271636963}
==> Gradient accumulation after step 4 in batch 1004...
==> Gradient accumulation after step 4 in batch 1008...
==> Gradient accumulation after step 4 in batch 1012...
==> Gradient accumulation after step 4 in batch 1016...
==> Gradient accumulation after step 4 in batch 1020...
==> Gradient accumulation after step 4 in batch 1024...
==> Gradient accumulation after step 4 in batch 1028...
==> Gradient accumulation after step 4 in batch 1032...
==> Gradient accumulation after step 4 in batch 1036...
==> Gradient accumulation after step 4 in batch 1040...
==> Gradient accumulation after step 4 in batch 1044...
==> Gradient accumulation after step 4 in batch 1048...
==> Gradient accumulation after step 4 in batch 1052...
==> Gradient accumulation after step 4 in batch 1056...
==> Gradient accumulation after step 4 in batch 1060...
==> Gradient accumulation after step 4 in batch 1064...
==> Gradient accumulation after step 4 in batch 1068...
==> Gradient accumulation after step 4 in batch 1072...
==> Gradient accumulation after step 4 in batch 1076...
==> Gradient accumulation after step 4 in batch 1080...
==> Gradient accumulation after step 4 in batch 1084...
==> Gradient accumulation after step 4 in batch 1088...
==> Gradient accumulation after step 4 in batch 1092...
==> Gradient accumulation after step 4 in batch 1096...
==> Gradient accumulation after step 4 in batch 1100...
==> Gradient accumulation after step 4 in batch 1104...
==> Gradient accumulation after step 4 in batch 1108...
==> Gradient accumulation after step 4 in batch 1112...
==> Gradient accumulation after step 4 in batch 1116...
==> Gradient accumulation after step 4 in batch 1120...
==> Gradient accumulation after step 4 in batch 1124...
==> Gradient accumulation after step 4 in batch 1128...
==> Gradient accumulation after step 4 in batch 1132...
==> Gradient accumulation after step 4 in batch 1136...
==> Gradient accumulation after step 4 in batch 1140...
==> Gradient accumulation after step 4 in batch 1144...
==> Gradient accumulation after step 4 in batch 1148...
==> Gradient accumulation after step 4 in batch 1152...
==> Gradient accumulation after step 4 in batch 1156...
==> Gradient accumulation after step 4 in batch 1160...
==> Gradient accumulation after step 4 in batch 1164...
==> Gradient accumulation after step 4 in batch 1168...
==> Gradient accumulation after step 4 in batch 1172...
==> Gradient accumulation after step 4 in batch 1176...
==> Gradient accumulation after step 4 in batch 1180...
==> Gradient accumulation after step 4 in batch 1184...
==> Gradient accumulation after step 4 in batch 1188...
==> Gradient accumulation after step 4 in batch 1192...
==> Gradient accumulation after step 4 in batch 1196...
==> Gradient accumulation after step 4 in batch 1200...
==> Gradient accumulation after step 4 in batch 1204...
==> Gradient accumulation after step 4 in batch 1208...
==> Gradient accumulation after step 4 in batch 1212...
==> Gradient accumulation after step 4 in batch 1216...
==> Gradient accumulation after step 4 in batch 1220...
==> Gradient accumulation after step 4 in batch 1224...
==> Gradient accumulation after step 4 in batch 1228...
==> Gradient accumulation after step 4 in batch 1232...
==> Gradient accumulation after step 4 in batch 1236...
==> Gradient accumulation after step 4 in batch 1240...
==> Gradient accumulation after step 4 in batch 1244...
==> Gradient accumulation after step 4 in batch 1248...
==> Gradient accumulation after step 4 in batch 1252...
==> Gradient accumulation after step 4 in batch 1256...
==> Gradient accumulation after step 4 in batch 1260...
==> Gradient accumulation after step 4 in batch 1264...
==> Gradient accumulation after step 4 in batch 1268...
==> Gradient accumulation after step 4 in batch 1272...
==> Gradient accumulation after step 4 in batch 1276...
==> Gradient accumulation after step 4 in batch 1280...
==> Gradient accumulation after step 4 in batch 1284...
==> Gradient accumulation after step 4 in batch 1288...
==> Gradient accumulation after step 4 in batch 1292...
==> Gradient accumulation after step 4 in batch 1296...
==> Gradient accumulation after step 4 in batch 1300...
==> Gradient accumulation after step 4 in batch 1304...
==> Gradient accumulation after step 4 in batch 1308...
==> Gradient accumulation after step 4 in batch 1312...
==> Gradient accumulation after step 4 in batch 1316...
==> Gradient accumulation after step 4 in batch 1320...
==> Gradient accumulation after step 4 in batch 1324...
==> Gradient accumulation after step 4 in batch 1328...
==> Gradient accumulation after step 4 in batch 1332...
==> Gradient accumulation after step 4 in batch 1336...
==> Gradient accumulation after step 4 in batch 1340...
==> Gradient accumulation after step 4 in batch 1344...
==> Gradient accumulation after step 4 in batch 1348...
==> Gradient accumulation after step 4 in batch 1352...
==> Gradient accumulation after step 4 in batch 1356...
==> Gradient accumulation after step 4 in batch 1360...
==> Gradient accumulation after step 4 in batch 1364...
==> Gradient accumulation after step 4 in batch 1368...
==> Gradient accumulation after step 4 in batch 1372...
==> Gradient accumulation after step 4 in batch 1376...
==> Gradient accumulation after step 4 in batch 1380...
==> Gradient accumulation after step 4 in batch 1384...
==> Gradient accumulation after step 4 in batch 1388...
==> Gradient accumulation after step 4 in batch 1392...
==> Gradient accumulation after step 4 in batch 1396...
==> Gradient accumulation after step 4 in batch 1400...
==> Gradient accumulation after step 4 in batch 1404...
==> Gradient accumulation after step 4 in batch 1408...
==> Gradient accumulation after step 4 in batch 1412...
==> Gradient accumulation after step 4 in batch 1416...
==> Gradient accumulation after step 4 in batch 1420...
==> Gradient accumulation after step 4 in batch 1424...
==> Gradient accumulation after step 4 in batch 1428...
==> Gradient accumulation after step 4 in batch 1432...
==> Gradient accumulation after step 4 in batch 1436...
==> Gradient accumulation after step 4 in batch 1440...
==> Gradient accumulation after step 4 in batch 1444...
==> Gradient accumulation after step 4 in batch 1448...
==> Gradient accumulation after step 4 in batch 1452...
==> Gradient accumulation after step 4 in batch 1456...
==> Gradient accumulation after step 4 in batch 1460...
==> Gradient accumulation after step 4 in batch 1464...
==> Gradient accumulation after step 4 in batch 1468...
==> Gradient accumulation after step 4 in batch 1472...
==> Gradient accumulation after step 4 in batch 1476...
==> Gradient accumulation after step 4 in batch 1480...
==> Gradient accumulation after step 4 in batch 1484...
==> Gradient accumulation after step 4 in batch 1488...
==> Gradient accumulation after step 4 in batch 1492...
==> Gradient accumulation after step 4 in batch 1496...
==> Gradient accumulation after step 4 in batch 1500...
 Batch 1,500  of  1,854.
{'Training Loss': 1.32813560962677}
==> Gradient accumulation after step 4 in batch 1504...
==> Gradient accumulation after step 4 in batch 1508...
==> Gradient accumulation after step 4 in batch 1512...
==> Gradient accumulation after step 4 in batch 1516...
==> Gradient accumulation after step 4 in batch 1520...
==> Gradient accumulation after step 4 in batch 1524...
==> Gradient accumulation after step 4 in batch 1528...
==> Gradient accumulation after step 4 in batch 1532...
==> Gradient accumulation after step 4 in batch 1536...
==> Gradient accumulation after step 4 in batch 1540...
==> Gradient accumulation after step 4 in batch 1544...
==> Gradient accumulation after step 4 in batch 1548...
==> Gradient accumulation after step 4 in batch 1552...
==> Gradient accumulation after step 4 in batch 1556...
==> Gradient accumulation after step 4 in batch 1560...
==> Gradient accumulation after step 4 in batch 1564...
==> Gradient accumulation after step 4 in batch 1568...
==> Gradient accumulation after step 4 in batch 1572...
==> Gradient accumulation after step 4 in batch 1576...
==> Gradient accumulation after step 4 in batch 1580...
==> Gradient accumulation after step 4 in batch 1584...
==> Gradient accumulation after step 4 in batch 1588...
==> Gradient accumulation after step 4 in batch 1592...
==> Gradient accumulation after step 4 in batch 1596...
==> Gradient accumulation after step 4 in batch 1600...
==> Gradient accumulation after step 4 in batch 1604...
==> Gradient accumulation after step 4 in batch 1608...
==> Gradient accumulation after step 4 in batch 1612...
==> Gradient accumulation after step 4 in batch 1616...
==> Gradient accumulation after step 4 in batch 1620...
==> Gradient accumulation after step 4 in batch 1624...
==> Gradient accumulation after step 4 in batch 1628...
==> Gradient accumulation after step 4 in batch 1632...
==> Gradient accumulation after step 4 in batch 1636...
==> Gradient accumulation after step 4 in batch 1640...
==> Gradient accumulation after step 4 in batch 1644...
==> Gradient accumulation after step 4 in batch 1648...
==> Gradient accumulation after step 4 in batch 1652...
==> Gradient accumulation after step 4 in batch 1656...
==> Gradient accumulation after step 4 in batch 1660...
==> Gradient accumulation after step 4 in batch 1664...
==> Gradient accumulation after step 4 in batch 1668...
==> Gradient accumulation after step 4 in batch 1672...
==> Gradient accumulation after step 4 in batch 1676...
==> Gradient accumulation after step 4 in batch 1680...
==> Gradient accumulation after step 4 in batch 1684...
==> Gradient accumulation after step 4 in batch 1688...
==> Gradient accumulation after step 4 in batch 1692...
==> Gradient accumulation after step 4 in batch 1696...
==> Gradient accumulation after step 4 in batch 1700...
==> Gradient accumulation after step 4 in batch 1704...
==> Gradient accumulation after step 4 in batch 1708...
==> Gradient accumulation after step 4 in batch 1712...
==> Gradient accumulation after step 4 in batch 1716...
==> Gradient accumulation after step 4 in batch 1720...
==> Gradient accumulation after step 4 in batch 1724...
==> Gradient accumulation after step 4 in batch 1728...
==> Gradient accumulation after step 4 in batch 1732...
==> Gradient accumulation after step 4 in batch 1736...
==> Gradient accumulation after step 4 in batch 1740...
==> Gradient accumulation after step 4 in batch 1744...
==> Gradient accumulation after step 4 in batch 1748...
==> Gradient accumulation after step 4 in batch 1752...
==> Gradient accumulation after step 4 in batch 1756...
==> Gradient accumulation after step 4 in batch 1760...
==> Gradient accumulation after step 4 in batch 1764...
==> Gradient accumulation after step 4 in batch 1768...
==> Gradient accumulation after step 4 in batch 1772...
==> Gradient accumulation after step 4 in batch 1776...
==> Gradient accumulation after step 4 in batch 1780...
==> Gradient accumulation after step 4 in batch 1784...
==> Gradient accumulation after step 4 in batch 1788...
==> Gradient accumulation after step 4 in batch 1792...
==> Gradient accumulation after step 4 in batch 1796...
==> Gradient accumulation after step 4 in batch 1800...
==> Gradient accumulation after step 4 in batch 1804...
==> Gradient accumulation after step 4 in batch 1808...
==> Gradient accumulation after step 4 in batch 1812...
==> Gradient accumulation after step 4 in batch 1816...
==> Gradient accumulation after step 4 in batch 1820...
==> Gradient accumulation after step 4 in batch 1824...
==> Gradient accumulation after step 4 in batch 1828...
==> Gradient accumulation after step 4 in batch 1832...
==> Gradient accumulation after step 4 in batch 1836...
==> Gradient accumulation after step 4 in batch 1840...
==> Gradient accumulation after step 4 in batch 1844...
==> Gradient accumulation after step 4 in batch 1848...
==> Gradient accumulation after step 4 in batch 1852...
=========================================
Training Results
=========================================
Epoch | train loss | train time 
    1 | 2.05147 | 737.9879570007324

Running Validation...
Completed 0 step...
Completed 500 step...
Completed 1000 step...
Completed 1500 step...
---BLEU: 0.005737965999781731
---ROUGE---
rouge1: 0.2193770938716349
rouge2: 0.11829369571360326
rougeL: 0.19672764731407016

=========================================
Validation Results
=========================================
| Epoch | BLEU | ROUGE1 | ROUGE2 | ROUGE-L | Avg Rouge | val time |
|     1 | 0.005737965999781731 | 0.2193770938716349 | 0.11829369571360326 | 0.19672764731407016 | 0.17813281229976943 | 1297.8472805023193 |
0.17813281229976943  Best val Rouge Model was saved.

======== Epoch 2 / 6 ========
Training...
 Batch     0  of  1,854.
{'Training Loss': 1.5958278179168701}
==> Gradient accumulation after step 4 in batch 4...
==> Gradient accumulation after step 4 in batch 8...
==> Gradient accumulation after step 4 in batch 12...
==> Gradient accumulation after step 4 in batch 16...
==> Gradient accumulation after step 4 in batch 20...
==> Gradient accumulation after step 4 in batch 24...
==> Gradient accumulation after step 4 in batch 28...
==> Gradient accumulation after step 4 in batch 32...
==> Gradient accumulation after step 4 in batch 36...
==> Gradient accumulation after step 4 in batch 40...
==> Gradient accumulation after step 4 in batch 44...
==> Gradient accumulation after step 4 in batch 48...
==> Gradient accumulation after step 4 in batch 52...
==> Gradient accumulation after step 4 in batch 56...
==> Gradient accumulation after step 4 in batch 60...
==> Gradient accumulation after step 4 in batch 64...
==> Gradient accumulation after step 4 in batch 68...
==> Gradient accumulation after step 4 in batch 72...
==> Gradient accumulation after step 4 in batch 76...
==> Gradient accumulation after step 4 in batch 80...
==> Gradient accumulation after step 4 in batch 84...
==> Gradient accumulation after step 4 in batch 88...
==> Gradient accumulation after step 4 in batch 92...
==> Gradient accumulation after step 4 in batch 96...
==> Gradient accumulation after step 4 in batch 100...
==> Gradient accumulation after step 4 in batch 104...
==> Gradient accumulation after step 4 in batch 108...
==> Gradient accumulation after step 4 in batch 112...
==> Gradient accumulation after step 4 in batch 116...
==> Gradient accumulation after step 4 in batch 120...
==> Gradient accumulation after step 4 in batch 124...
==> Gradient accumulation after step 4 in batch 128...
==> Gradient accumulation after step 4 in batch 132...
==> Gradient accumulation after step 4 in batch 136...
==> Gradient accumulation after step 4 in batch 140...
==> Gradient accumulation after step 4 in batch 144...
==> Gradient accumulation after step 4 in batch 148...
==> Gradient accumulation after step 4 in batch 152...
==> Gradient accumulation after step 4 in batch 156...
==> Gradient accumulation after step 4 in batch 160...
==> Gradient accumulation after step 4 in batch 164...
==> Gradient accumulation after step 4 in batch 168...
==> Gradient accumulation after step 4 in batch 172...
==> Gradient accumulation after step 4 in batch 176...
==> Gradient accumulation after step 4 in batch 180...
==> Gradient accumulation after step 4 in batch 184...
==> Gradient accumulation after step 4 in batch 188...
==> Gradient accumulation after step 4 in batch 192...
==> Gradient accumulation after step 4 in batch 196...
==> Gradient accumulation after step 4 in batch 200...
==> Gradient accumulation after step 4 in batch 204...
==> Gradient accumulation after step 4 in batch 208...
==> Gradient accumulation after step 4 in batch 212...
==> Gradient accumulation after step 4 in batch 216...
==> Gradient accumulation after step 4 in batch 220...
==> Gradient accumulation after step 4 in batch 224...
==> Gradient accumulation after step 4 in batch 228...
==> Gradient accumulation after step 4 in batch 232...
==> Gradient accumulation after step 4 in batch 236...
==> Gradient accumulation after step 4 in batch 240...
==> Gradient accumulation after step 4 in batch 244...
==> Gradient accumulation after step 4 in batch 248...
==> Gradient accumulation after step 4 in batch 252...
==> Gradient accumulation after step 4 in batch 256...
==> Gradient accumulation after step 4 in batch 260...
==> Gradient accumulation after step 4 in batch 264...
==> Gradient accumulation after step 4 in batch 268...
==> Gradient accumulation after step 4 in batch 272...
==> Gradient accumulation after step 4 in batch 276...
==> Gradient accumulation after step 4 in batch 280...
==> Gradient accumulation after step 4 in batch 284...
==> Gradient accumulation after step 4 in batch 288...
==> Gradient accumulation after step 4 in batch 292...
==> Gradient accumulation after step 4 in batch 296...
==> Gradient accumulation after step 4 in batch 300...
==> Gradient accumulation after step 4 in batch 304...
==> Gradient accumulation after step 4 in batch 308...
==> Gradient accumulation after step 4 in batch 312...
==> Gradient accumulation after step 4 in batch 316...
==> Gradient accumulation after step 4 in batch 320...
==> Gradient accumulation after step 4 in batch 324...
==> Gradient accumulation after step 4 in batch 328...
==> Gradient accumulation after step 4 in batch 332...
==> Gradient accumulation after step 4 in batch 336...
==> Gradient accumulation after step 4 in batch 340...
==> Gradient accumulation after step 4 in batch 344...
==> Gradient accumulation after step 4 in batch 348...
==> Gradient accumulation after step 4 in batch 352...
==> Gradient accumulation after step 4 in batch 356...
==> Gradient accumulation after step 4 in batch 360...
==> Gradient accumulation after step 4 in batch 364...
==> Gradient accumulation after step 4 in batch 368...
==> Gradient accumulation after step 4 in batch 372...
==> Gradient accumulation after step 4 in batch 376...
==> Gradient accumulation after step 4 in batch 380...
==> Gradient accumulation after step 4 in batch 384...
==> Gradient accumulation after step 4 in batch 388...
==> Gradient accumulation after step 4 in batch 392...
==> Gradient accumulation after step 4 in batch 396...
==> Gradient accumulation after step 4 in batch 400...
==> Gradient accumulation after step 4 in batch 404...
==> Gradient accumulation after step 4 in batch 408...
==> Gradient accumulation after step 4 in batch 412...
==> Gradient accumulation after step 4 in batch 416...
==> Gradient accumulation after step 4 in batch 420...
==> Gradient accumulation after step 4 in batch 424...
==> Gradient accumulation after step 4 in batch 428...
==> Gradient accumulation after step 4 in batch 432...
==> Gradient accumulation after step 4 in batch 436...
==> Gradient accumulation after step 4 in batch 440...
==> Gradient accumulation after step 4 in batch 444...
==> Gradient accumulation after step 4 in batch 448...
==> Gradient accumulation after step 4 in batch 452...
==> Gradient accumulation after step 4 in batch 456...
==> Gradient accumulation after step 4 in batch 460...
==> Gradient accumulation after step 4 in batch 464...
==> Gradient accumulation after step 4 in batch 468...
==> Gradient accumulation after step 4 in batch 472...
==> Gradient accumulation after step 4 in batch 476...
==> Gradient accumulation after step 4 in batch 480...
==> Gradient accumulation after step 4 in batch 484...
==> Gradient accumulation after step 4 in batch 488...
==> Gradient accumulation after step 4 in batch 492...
==> Gradient accumulation after step 4 in batch 496...
==> Gradient accumulation after step 4 in batch 500...
 Batch   500  of  1,854.
{'Training Loss': 1.6034458875656128}
==> Gradient accumulation after step 4 in batch 504...
==> Gradient accumulation after step 4 in batch 508...
==> Gradient accumulation after step 4 in batch 512...
==> Gradient accumulation after step 4 in batch 516...
==> Gradient accumulation after step 4 in batch 520...
==> Gradient accumulation after step 4 in batch 524...
==> Gradient accumulation after step 4 in batch 528...
==> Gradient accumulation after step 4 in batch 532...
==> Gradient accumulation after step 4 in batch 536...
==> Gradient accumulation after step 4 in batch 540...
==> Gradient accumulation after step 4 in batch 544...
==> Gradient accumulation after step 4 in batch 548...
==> Gradient accumulation after step 4 in batch 552...
==> Gradient accumulation after step 4 in batch 556...
==> Gradient accumulation after step 4 in batch 560...
==> Gradient accumulation after step 4 in batch 564...
==> Gradient accumulation after step 4 in batch 568...
==> Gradient accumulation after step 4 in batch 572...
==> Gradient accumulation after step 4 in batch 576...
==> Gradient accumulation after step 4 in batch 580...
==> Gradient accumulation after step 4 in batch 584...
==> Gradient accumulation after step 4 in batch 588...
==> Gradient accumulation after step 4 in batch 592...
==> Gradient accumulation after step 4 in batch 596...
==> Gradient accumulation after step 4 in batch 600...
==> Gradient accumulation after step 4 in batch 604...
==> Gradient accumulation after step 4 in batch 608...
==> Gradient accumulation after step 4 in batch 612...
==> Gradient accumulation after step 4 in batch 616...
==> Gradient accumulation after step 4 in batch 620...
==> Gradient accumulation after step 4 in batch 624...
==> Gradient accumulation after step 4 in batch 628...
==> Gradient accumulation after step 4 in batch 632...
==> Gradient accumulation after step 4 in batch 636...
==> Gradient accumulation after step 4 in batch 640...
==> Gradient accumulation after step 4 in batch 644...
==> Gradient accumulation after step 4 in batch 648...
==> Gradient accumulation after step 4 in batch 652...
==> Gradient accumulation after step 4 in batch 656...
==> Gradient accumulation after step 4 in batch 660...
==> Gradient accumulation after step 4 in batch 664...
==> Gradient accumulation after step 4 in batch 668...
==> Gradient accumulation after step 4 in batch 672...
==> Gradient accumulation after step 4 in batch 676...
==> Gradient accumulation after step 4 in batch 680...
==> Gradient accumulation after step 4 in batch 684...
==> Gradient accumulation after step 4 in batch 688...
==> Gradient accumulation after step 4 in batch 692...
==> Gradient accumulation after step 4 in batch 696...
==> Gradient accumulation after step 4 in batch 700...
==> Gradient accumulation after step 4 in batch 704...
==> Gradient accumulation after step 4 in batch 708...
==> Gradient accumulation after step 4 in batch 712...
==> Gradient accumulation after step 4 in batch 716...
==> Gradient accumulation after step 4 in batch 720...
==> Gradient accumulation after step 4 in batch 724...
==> Gradient accumulation after step 4 in batch 728...
==> Gradient accumulation after step 4 in batch 732...
==> Gradient accumulation after step 4 in batch 736...
==> Gradient accumulation after step 4 in batch 740...
==> Gradient accumulation after step 4 in batch 744...
==> Gradient accumulation after step 4 in batch 748...
==> Gradient accumulation after step 4 in batch 752...
==> Gradient accumulation after step 4 in batch 756...
==> Gradient accumulation after step 4 in batch 760...
==> Gradient accumulation after step 4 in batch 764...
==> Gradient accumulation after step 4 in batch 768...
==> Gradient accumulation after step 4 in batch 772...
==> Gradient accumulation after step 4 in batch 776...
==> Gradient accumulation after step 4 in batch 780...
==> Gradient accumulation after step 4 in batch 784...
==> Gradient accumulation after step 4 in batch 788...
==> Gradient accumulation after step 4 in batch 792...
==> Gradient accumulation after step 4 in batch 796...
==> Gradient accumulation after step 4 in batch 800...
==> Gradient accumulation after step 4 in batch 804...
==> Gradient accumulation after step 4 in batch 808...
==> Gradient accumulation after step 4 in batch 812...
==> Gradient accumulation after step 4 in batch 816...
==> Gradient accumulation after step 4 in batch 820...
==> Gradient accumulation after step 4 in batch 824...
==> Gradient accumulation after step 4 in batch 828...
==> Gradient accumulation after step 4 in batch 832...
==> Gradient accumulation after step 4 in batch 836...
==> Gradient accumulation after step 4 in batch 840...
==> Gradient accumulation after step 4 in batch 844...
==> Gradient accumulation after step 4 in batch 848...
==> Gradient accumulation after step 4 in batch 852...
==> Gradient accumulation after step 4 in batch 856...
==> Gradient accumulation after step 4 in batch 860...
==> Gradient accumulation after step 4 in batch 864...
==> Gradient accumulation after step 4 in batch 868...
==> Gradient accumulation after step 4 in batch 872...
==> Gradient accumulation after step 4 in batch 876...
==> Gradient accumulation after step 4 in batch 880...
==> Gradient accumulation after step 4 in batch 884...
==> Gradient accumulation after step 4 in batch 888...
==> Gradient accumulation after step 4 in batch 892...
==> Gradient accumulation after step 4 in batch 896...
==> Gradient accumulation after step 4 in batch 900...
==> Gradient accumulation after step 4 in batch 904...
==> Gradient accumulation after step 4 in batch 908...
==> Gradient accumulation after step 4 in batch 912...
==> Gradient accumulation after step 4 in batch 916...
==> Gradient accumulation after step 4 in batch 920...
==> Gradient accumulation after step 4 in batch 924...
==> Gradient accumulation after step 4 in batch 928...
==> Gradient accumulation after step 4 in batch 932...
==> Gradient accumulation after step 4 in batch 936...
==> Gradient accumulation after step 4 in batch 940...
==> Gradient accumulation after step 4 in batch 944...
==> Gradient accumulation after step 4 in batch 948...
==> Gradient accumulation after step 4 in batch 952...
==> Gradient accumulation after step 4 in batch 956...
==> Gradient accumulation after step 4 in batch 960...
==> Gradient accumulation after step 4 in batch 964...
==> Gradient accumulation after step 4 in batch 968...
==> Gradient accumulation after step 4 in batch 972...
==> Gradient accumulation after step 4 in batch 976...
==> Gradient accumulation after step 4 in batch 980...
==> Gradient accumulation after step 4 in batch 984...
==> Gradient accumulation after step 4 in batch 988...
==> Gradient accumulation after step 4 in batch 992...
==> Gradient accumulation after step 4 in batch 996...
==> Gradient accumulation after step 4 in batch 1000...
 Batch 1,000  of  1,854.
{'Training Loss': 1.8260738849639893}
==> Gradient accumulation after step 4 in batch 1004...
==> Gradient accumulation after step 4 in batch 1008...
==> Gradient accumulation after step 4 in batch 1012...
==> Gradient accumulation after step 4 in batch 1016...
==> Gradient accumulation after step 4 in batch 1020...
==> Gradient accumulation after step 4 in batch 1024...
==> Gradient accumulation after step 4 in batch 1028...
==> Gradient accumulation after step 4 in batch 1032...
==> Gradient accumulation after step 4 in batch 1036...
==> Gradient accumulation after step 4 in batch 1040...
==> Gradient accumulation after step 4 in batch 1044...
==> Gradient accumulation after step 4 in batch 1048...
==> Gradient accumulation after step 4 in batch 1052...
==> Gradient accumulation after step 4 in batch 1056...
==> Gradient accumulation after step 4 in batch 1060...
==> Gradient accumulation after step 4 in batch 1064...
==> Gradient accumulation after step 4 in batch 1068...
==> Gradient accumulation after step 4 in batch 1072...
==> Gradient accumulation after step 4 in batch 1076...
==> Gradient accumulation after step 4 in batch 1080...
==> Gradient accumulation after step 4 in batch 1084...
==> Gradient accumulation after step 4 in batch 1088...
==> Gradient accumulation after step 4 in batch 1092...
==> Gradient accumulation after step 4 in batch 1096...
==> Gradient accumulation after step 4 in batch 1100...
==> Gradient accumulation after step 4 in batch 1104...
==> Gradient accumulation after step 4 in batch 1108...
==> Gradient accumulation after step 4 in batch 1112...
==> Gradient accumulation after step 4 in batch 1116...
==> Gradient accumulation after step 4 in batch 1120...
==> Gradient accumulation after step 4 in batch 1124...
==> Gradient accumulation after step 4 in batch 1128...
==> Gradient accumulation after step 4 in batch 1132...
==> Gradient accumulation after step 4 in batch 1136...
==> Gradient accumulation after step 4 in batch 1140...
==> Gradient accumulation after step 4 in batch 1144...
==> Gradient accumulation after step 4 in batch 1148...
==> Gradient accumulation after step 4 in batch 1152...
==> Gradient accumulation after step 4 in batch 1156...
==> Gradient accumulation after step 4 in batch 1160...
==> Gradient accumulation after step 4 in batch 1164...
==> Gradient accumulation after step 4 in batch 1168...
==> Gradient accumulation after step 4 in batch 1172...
==> Gradient accumulation after step 4 in batch 1176...
==> Gradient accumulation after step 4 in batch 1180...
==> Gradient accumulation after step 4 in batch 1184...
==> Gradient accumulation after step 4 in batch 1188...
==> Gradient accumulation after step 4 in batch 1192...
==> Gradient accumulation after step 4 in batch 1196...
==> Gradient accumulation after step 4 in batch 1200...
==> Gradient accumulation after step 4 in batch 1204...
==> Gradient accumulation after step 4 in batch 1208...
==> Gradient accumulation after step 4 in batch 1212...
==> Gradient accumulation after step 4 in batch 1216...
==> Gradient accumulation after step 4 in batch 1220...
==> Gradient accumulation after step 4 in batch 1224...
==> Gradient accumulation after step 4 in batch 1228...
==> Gradient accumulation after step 4 in batch 1232...
==> Gradient accumulation after step 4 in batch 1236...
==> Gradient accumulation after step 4 in batch 1240...
==> Gradient accumulation after step 4 in batch 1244...
==> Gradient accumulation after step 4 in batch 1248...
==> Gradient accumulation after step 4 in batch 1252...
==> Gradient accumulation after step 4 in batch 1256...
==> Gradient accumulation after step 4 in batch 1260...
==> Gradient accumulation after step 4 in batch 1264...
==> Gradient accumulation after step 4 in batch 1268...
==> Gradient accumulation after step 4 in batch 1272...
==> Gradient accumulation after step 4 in batch 1276...
==> Gradient accumulation after step 4 in batch 1280...
==> Gradient accumulation after step 4 in batch 1284...
==> Gradient accumulation after step 4 in batch 1288...
==> Gradient accumulation after step 4 in batch 1292...
==> Gradient accumulation after step 4 in batch 1296...
==> Gradient accumulation after step 4 in batch 1300...
==> Gradient accumulation after step 4 in batch 1304...
==> Gradient accumulation after step 4 in batch 1308...
==> Gradient accumulation after step 4 in batch 1312...
==> Gradient accumulation after step 4 in batch 1316...
==> Gradient accumulation after step 4 in batch 1320...
==> Gradient accumulation after step 4 in batch 1324...
==> Gradient accumulation after step 4 in batch 1328...
==> Gradient accumulation after step 4 in batch 1332...
==> Gradient accumulation after step 4 in batch 1336...
==> Gradient accumulation after step 4 in batch 1340...
==> Gradient accumulation after step 4 in batch 1344...
==> Gradient accumulation after step 4 in batch 1348...
==> Gradient accumulation after step 4 in batch 1352...
==> Gradient accumulation after step 4 in batch 1356...
==> Gradient accumulation after step 4 in batch 1360...
==> Gradient accumulation after step 4 in batch 1364...
==> Gradient accumulation after step 4 in batch 1368...
==> Gradient accumulation after step 4 in batch 1372...
==> Gradient accumulation after step 4 in batch 1376...
==> Gradient accumulation after step 4 in batch 1380...
==> Gradient accumulation after step 4 in batch 1384...
==> Gradient accumulation after step 4 in batch 1388...
==> Gradient accumulation after step 4 in batch 1392...
==> Gradient accumulation after step 4 in batch 1396...
==> Gradient accumulation after step 4 in batch 1400...
==> Gradient accumulation after step 4 in batch 1404...
==> Gradient accumulation after step 4 in batch 1408...
==> Gradient accumulation after step 4 in batch 1412...
==> Gradient accumulation after step 4 in batch 1416...
==> Gradient accumulation after step 4 in batch 1420...
==> Gradient accumulation after step 4 in batch 1424...
==> Gradient accumulation after step 4 in batch 1428...
==> Gradient accumulation after step 4 in batch 1432...
==> Gradient accumulation after step 4 in batch 1436...
==> Gradient accumulation after step 4 in batch 1440...
==> Gradient accumulation after step 4 in batch 1444...
==> Gradient accumulation after step 4 in batch 1448...
==> Gradient accumulation after step 4 in batch 1452...
==> Gradient accumulation after step 4 in batch 1456...
==> Gradient accumulation after step 4 in batch 1460...
==> Gradient accumulation after step 4 in batch 1464...
==> Gradient accumulation after step 4 in batch 1468...
==> Gradient accumulation after step 4 in batch 1472...
==> Gradient accumulation after step 4 in batch 1476...
==> Gradient accumulation after step 4 in batch 1480...
==> Gradient accumulation after step 4 in batch 1484...
==> Gradient accumulation after step 4 in batch 1488...
==> Gradient accumulation after step 4 in batch 1492...
==> Gradient accumulation after step 4 in batch 1496...
==> Gradient accumulation after step 4 in batch 1500...
 Batch 1,500  of  1,854.
{'Training Loss': 1.7166657447814941}
==> Gradient accumulation after step 4 in batch 1504...
==> Gradient accumulation after step 4 in batch 1508...
==> Gradient accumulation after step 4 in batch 1512...
==> Gradient accumulation after step 4 in batch 1516...
==> Gradient accumulation after step 4 in batch 1520...
==> Gradient accumulation after step 4 in batch 1524...
==> Gradient accumulation after step 4 in batch 1528...
==> Gradient accumulation after step 4 in batch 1532...
==> Gradient accumulation after step 4 in batch 1536...
==> Gradient accumulation after step 4 in batch 1540...
==> Gradient accumulation after step 4 in batch 1544...
==> Gradient accumulation after step 4 in batch 1548...
==> Gradient accumulation after step 4 in batch 1552...
==> Gradient accumulation after step 4 in batch 1556...
==> Gradient accumulation after step 4 in batch 1560...
==> Gradient accumulation after step 4 in batch 1564...
==> Gradient accumulation after step 4 in batch 1568...
==> Gradient accumulation after step 4 in batch 1572...
==> Gradient accumulation after step 4 in batch 1576...
==> Gradient accumulation after step 4 in batch 1580...
==> Gradient accumulation after step 4 in batch 1584...
==> Gradient accumulation after step 4 in batch 1588...
==> Gradient accumulation after step 4 in batch 1592...
==> Gradient accumulation after step 4 in batch 1596...
==> Gradient accumulation after step 4 in batch 1600...
==> Gradient accumulation after step 4 in batch 1604...
==> Gradient accumulation after step 4 in batch 1608...
==> Gradient accumulation after step 4 in batch 1612...
==> Gradient accumulation after step 4 in batch 1616...
==> Gradient accumulation after step 4 in batch 1620...
==> Gradient accumulation after step 4 in batch 1624...
==> Gradient accumulation after step 4 in batch 1628...
==> Gradient accumulation after step 4 in batch 1632...
==> Gradient accumulation after step 4 in batch 1636...
==> Gradient accumulation after step 4 in batch 1640...
==> Gradient accumulation after step 4 in batch 1644...
==> Gradient accumulation after step 4 in batch 1648...
==> Gradient accumulation after step 4 in batch 1652...
==> Gradient accumulation after step 4 in batch 1656...
==> Gradient accumulation after step 4 in batch 1660...
==> Gradient accumulation after step 4 in batch 1664...
==> Gradient accumulation after step 4 in batch 1668...
==> Gradient accumulation after step 4 in batch 1672...
==> Gradient accumulation after step 4 in batch 1676...
==> Gradient accumulation after step 4 in batch 1680...
==> Gradient accumulation after step 4 in batch 1684...
==> Gradient accumulation after step 4 in batch 1688...
==> Gradient accumulation after step 4 in batch 1692...
==> Gradient accumulation after step 4 in batch 1696...
==> Gradient accumulation after step 4 in batch 1700...
==> Gradient accumulation after step 4 in batch 1704...
==> Gradient accumulation after step 4 in batch 1708...
==> Gradient accumulation after step 4 in batch 1712...
==> Gradient accumulation after step 4 in batch 1716...
==> Gradient accumulation after step 4 in batch 1720...
==> Gradient accumulation after step 4 in batch 1724...
==> Gradient accumulation after step 4 in batch 1728...
==> Gradient accumulation after step 4 in batch 1732...
==> Gradient accumulation after step 4 in batch 1736...
==> Gradient accumulation after step 4 in batch 1740...
==> Gradient accumulation after step 4 in batch 1744...
==> Gradient accumulation after step 4 in batch 1748...
==> Gradient accumulation after step 4 in batch 1752...
==> Gradient accumulation after step 4 in batch 1756...
==> Gradient accumulation after step 4 in batch 1760...
==> Gradient accumulation after step 4 in batch 1764...
==> Gradient accumulation after step 4 in batch 1768...
==> Gradient accumulation after step 4 in batch 1772...
==> Gradient accumulation after step 4 in batch 1776...
==> Gradient accumulation after step 4 in batch 1780...
==> Gradient accumulation after step 4 in batch 1784...
==> Gradient accumulation after step 4 in batch 1788...
==> Gradient accumulation after step 4 in batch 1792...
==> Gradient accumulation after step 4 in batch 1796...
==> Gradient accumulation after step 4 in batch 1800...
==> Gradient accumulation after step 4 in batch 1804...
==> Gradient accumulation after step 4 in batch 1808...
==> Gradient accumulation after step 4 in batch 1812...
==> Gradient accumulation after step 4 in batch 1816...
==> Gradient accumulation after step 4 in batch 1820...
==> Gradient accumulation after step 4 in batch 1824...
==> Gradient accumulation after step 4 in batch 1828...
==> Gradient accumulation after step 4 in batch 1832...
==> Gradient accumulation after step 4 in batch 1836...
==> Gradient accumulation after step 4 in batch 1840...
==> Gradient accumulation after step 4 in batch 1844...
==> Gradient accumulation after step 4 in batch 1848...
==> Gradient accumulation after step 4 in batch 1852...
=========================================
Training Results
=========================================
Epoch | train loss | train time 
    2 | 1.62833 | 742.5434300899506
